<?xml version="1.0" encoding="UTF-8"?>
<testng-results skipped="0" failed="0" ignored="0" total="1" passed="1">
  <reporter-output>
  </reporter-output>
  <suite name="Default suite" duration-ms="5075" started-at="2019-06-01T08:38:26Z" finished-at="2019-06-01T08:38:31Z">
    <groups>
    </groups>
    <test name="Default test" duration-ms="5075" started-at="2019-06-01T08:38:26Z" finished-at="2019-06-01T08:38:31Z">
      <class name="test.LoginTest">
        <test-method status="PASS" signature="TechfiosLoginTest()[pri:0, instance:test.LoginTest@3532ec19]" name="TechfiosLoginTest" duration-ms="5055" started-at="2019-06-01T08:38:26Z" finished-at="2019-06-01T08:38:31Z">
          <reporter-output>
          </reporter-output>
        </test-method> <!-- TechfiosLoginTest -->
      </class> <!-- test.LoginTest -->
    </test> <!-- Default test -->
  </suite> <!-- Default suite -->
</testng-results>
